# JRE version: OpenJDK Runtime Environment (11.0.10) (build 11.0.10+0-b96-7249189)
# Java VM: OpenJDK 64-Bit Server VM (11.0.10+0-b96-7249189, mixed mode, tiered, compressed oops, g1 gc, windows-amd64)
Heap:
 garbage-first heap   total 129024K, used 110842K [0x00000000a0000000, 0x0000000100000000)
  region size 1024K, 7 young (7168K), 1 survivors (1024K)
 Metaspace       used 80653K, capacity 83721K, committed 83832K, reserved 1122304K
  class space    used 10568K, capacity 11596K, committed 11640K, reserved 1048576K
GC Heap History (20 events):
Event: 46.796 GC heap before
{Heap before GC invocations=32 (full 0):
 garbage-first heap   total 129024K, used 106190K [0x00000000a0000000, 0x0000000100000000)
  region size 1024K, 12 young (12288K), 1 survivors (1024K)
 Metaspace       used 76118K, capacity 78921K, committed 79096K, reserved 1118208K
  class space    used 9949K, capacity 10856K, committed 11000K, reserved 1048576K
}
Event: 46.799 GC heap after
{Heap after GC invocations=33 (full 0):
 garbage-first heap   total 129024K, used 95348K [0x00000000a0000000, 0x0000000100000000)
  region size 1024K, 1 young (1024K), 1 survivors (1024K)
 Metaspace       used 76118K, capacity 78921K, committed 79096K, reserved 1118208K
  class space    used 9949K, capacity 10856K, committed 11000K, reserved 1048576K
}
Event: 47.222 GC heap before
{Heap before GC invocations=33 (full 0):
 garbage-first heap   total 129024K, used 107636K [0x00000000a0000000, 0x0000000100000000)
  region size 1024K, 13 young (13312K), 1 survivors (1024K)
 Metaspace       used 77258K, capacity 80160K, committed 80248K, reserved 1118208K
  class space    used 10095K, capacity 11053K, committed 11128K, reserved 1048576K
}
Event: 47.226 GC heap after
{Heap after GC invocations=34 (full 0):
 garbage-first heap   total 129024K, used 96010K [0x00000000a0000000, 0x0000000100000000)
  region size 1024K, 2 young (2048K), 2 survivors (2048K)
 Metaspace       used 77258K, capacity 80160K, committed 80248K, reserved 1118208K
  class space    used 10095K, capacity 11053K, committed 11128K, reserved 1048576K
}
Event: 47.815 GC heap before
{Heap before GC invocations=35 (full 0):
 garbage-first heap   total 129024K, used 108298K [0x00000000a0000000, 0x0000000100000000)
  region size 1024K, 14 young (14336K), 2 survivors (2048K)
 Metaspace       used 77853K, capacity 80771K, committed 81016K, reserved 1120256K
  class space    used 10164K, capacity 11100K, committed 11128K, reserved 1048576K
}
Event: 47.822 GC heap after
{Heap after GC invocations=36 (full 0):
 garbage-first heap   total 129024K, used 97527K [0x00000000a0000000, 0x0000000100000000)
  region size 1024K, 2 young (2048K), 2 survivors (2048K)
 Metaspace       used 77853K, capacity 80771K, committed 81016K, reserved 1120256K
  class space    used 10164K, capacity 11100K, committed 11128K, reserved 1048576K
}
Event: 48.204 GC heap before
{Heap before GC invocations=36 (full 0):
 garbage-first heap   total 129024K, used 107767K [0x00000000a0000000, 0x0000000100000000)
  region size 1024K, 13 young (13312K), 2 survivors (2048K)
 Metaspace       used 78129K, capacity 81091K, committed 81400K, reserved 1120256K
  class space    used 10197K, capacity 11155K, committed 11256K, reserved 1048576K
}
Event: 48.214 GC heap after
{Heap after GC invocations=37 (full 0):
 garbage-first heap   total 129024K, used 100295K [0x00000000a0000000, 0x0000000100000000)
  region size 1024K, 2 young (2048K), 2 survivors (2048K)
 Metaspace       used 78129K, capacity 81091K, committed 81400K, reserved 1120256K
  class space    used 10197K, capacity 11155K, committed 11256K, reserved 1048576K
}
Event: 48.680 GC heap before
{Heap before GC invocations=38 (full 0):
 garbage-first heap   total 129024K, used 110535K [0x00000000a0000000, 0x0000000100000000)
  region size 1024K, 12 young (12288K), 2 survivors (2048K)
 Metaspace       used 78716K, capacity 81640K, committed 81912K, reserved 1120256K
  class space    used 10263K, capacity 11204K, committed 11256K, reserved 1048576K
}
Event: 48.688 GC heap after
{Heap after GC invocations=39 (full 0):
 garbage-first heap   total 129024K, used 101965K [0x00000000a0000000, 0x0000000100000000)
  region size 1024K, 2 young (2048K), 2 survivors (2048K)
 Metaspace       used 78716K, capacity 81640K, committed 81912K, reserved 1120256K
  class space    used 10263K, capacity 11204K, committed 11256K, reserved 1048576K
}
Event: 48.914 GC heap before
{Heap before GC invocations=39 (full 0):
 garbage-first heap   total 129024K, used 110157K [0x00000000a0000000, 0x0000000100000000)
  region size 1024K, 10 young (10240K), 2 survivors (2048K)
 Metaspace       used 79026K, capacity 81974K, committed 82296K, reserved 1120256K
  class space    used 10306K, capacity 11272K, committed 11384K, reserved 1048576K
}
Event: 48.919 GC heap after
{Heap after GC invocations=40 (full 0):
 garbage-first heap   total 129024K, used 103151K [0x00000000a0000000, 0x0000000100000000)
  region size 1024K, 2 young (2048K), 2 survivors (2048K)
 Metaspace       used 79026K, capacity 81974K, committed 82296K, reserved 1120256K
  class space    used 10306K, capacity 11272K, committed 11384K, reserved 1048576K
}
Event: 49.222 GC heap before
{Heap before GC invocations=40 (full 0):
 garbage-first heap   total 129024K, used 110319K [0x00000000a0000000, 0x0000000100000000)
  region size 1024K, 10 young (10240K), 2 survivors (2048K)
 Metaspace       used 79382K, capacity 82380K, committed 82552K, reserved 1120256K
  class space    used 10352K, capacity 11319K, committed 11384K, reserved 1048576K
}
Event: 49.226 GC heap after
{Heap after GC invocations=41 (full 0):
 garbage-first heap   total 129024K, used 103752K [0x00000000a0000000, 0x0000000100000000)
  region size 1024K, 2 young (2048K), 2 survivors (2048K)
 Metaspace       used 79382K, capacity 82380K, committed 82552K, reserved 1120256K
  class space    used 10352K, capacity 11319K, committed 11384K, reserved 1048576K
}
Event: 49.605 GC heap before
{Heap before GC invocations=42 (full 0):
 garbage-first heap   total 129024K, used 110920K [0x00000000a0000000, 0x0000000100000000)
  region size 1024K, 10 young (10240K), 2 survivors (2048K)
 Metaspace       used 80023K, capacity 83044K, committed 83192K, reserved 1120256K
  class space    used 10454K, capacity 11411K, committed 11512K, reserved 1048576K
}
Event: 49.612 GC heap after
{Heap after GC invocations=43 (full 0):
 garbage-first heap   total 129024K, used 105046K [0x00000000a0000000, 0x0000000100000000)
  region size 1024K, 2 young (2048K), 2 survivors (2048K)
 Metaspace       used 80023K, capacity 83044K, committed 83192K, reserved 1120256K
  class space    used 10454K, capacity 11411K, committed 11512K, reserved 1048576K
}
Event: 50.100 GC heap before
{Heap before GC invocations=43 (full 0):
 garbage-first heap   total 129024K, used 112214K [0x00000000a0000000, 0x0000000100000000)
  region size 1024K, 9 young (9216K), 2 survivors (2048K)
 Metaspace       used 80078K, capacity 83097K, committed 83192K, reserved 1120256K
  class space    used 10464K, capacity 11450K, committed 11512K, reserved 1048576K
}
Event: 50.105 GC heap after
{Heap after GC invocations=44 (full 0):
 garbage-first heap   total 129024K, used 105634K [0x00000000a0000000, 0x0000000100000000)
  region size 1024K, 1 young (1024K), 1 survivors (1024K)
 Metaspace       used 80078K, capacity 83097K, committed 83192K, reserved 1120256K
  class space    used 10464K, capacity 11450K, committed 11512K, reserved 1048576K
}
Event: 50.437 GC heap before
{Heap before GC invocations=44 (full 0):
 garbage-first heap   total 129024K, used 110754K [0x00000000a0000000, 0x0000000100000000)
  region size 1024K, 7 young (7168K), 1 survivors (1024K)
 Metaspace       used 80285K, capacity 83348K, committed 83576K, reserved 1122304K
  class space    used 10505K, capacity 11491K, committed 11640K, reserved 1048576K
}
Event: 50.439 GC heap after
{Heap after GC invocations=45 (full 0):
 garbage-first heap   total 129024K, used 105722K [0x00000000a0000000, 0x0000000100000000)
  region size 1024K, 1 young (1024K), 1 survivors (1024K)
 Metaspace       used 80285K, capacity 83348K, committed 83576K, reserved 1122304K
  class space    used 10505K, capacity 11491K, committed 11640K, reserved 1048576K
}

